Android/unityLibrary/build/intermediates/manifest_merge_blame_file/debug/manifest-merger-blame-debug-report.txt
1<?xml version="1.0" encoding="utf-8"?>
2<!-- GENERATED BY UNITY. REMOVE THIS COMMENT TO PREVENT OVERWRITING WHEN EXPORTING AGAIN -->
3<manifest xmlns:android="http://schemas.android.com/apk/res/android"
4    xmlns:tools="http://schemas.android.com/tools"
5    package="com.unity3d.player"
6    android:versionCode="1"
7    android:versionName="0.1" >
8
9    <uses-sdk
10        android:minSdkVersion="19"
10-->src\main\AndroidManifest.xml
11        android:targetSdkVersion="28" />
11-->src\main\AndroidManifest.xml
12
13    <uses-feature android:glEsVersion="0x00020000" />
13-->src\main\AndroidManifest.xml:24:3-52
13-->src\main\AndroidManifest.xml:24:17-49
14
15    <uses-permission android:name="android.permission.INTERNET" />
15-->src\main\AndroidManifest.xml:25:3-65
15-->src\main\AndroidManifest.xml:25:20-62
16    <uses-permission android:name="android.permission.CHANGE_WIFI_MULTICAST_STATE" />
16-->src\main\AndroidManifest.xml:26:3-84
16-->src\main\AndroidManifest.xml:26:20-81
17    <uses-permission android:name="android.permission.RECORD_AUDIO" />
17-->src\main\AndroidManifest.xml:27:3-69
17-->src\main\AndroidManifest.xml:27:20-66
18    <uses-permission android:name="android.permission.WRITE_EXTERNAL_STORAGE" />
18-->src\main\AndroidManifest.xml:28:3-79
18-->src\main\AndroidManifest.xml:28:20-76
19    <uses-permission android:name="android.permission.READ_EXTERNAL_STORAGE" />
19-->src\main\AndroidManifest.xml:29:3-78
19-->src\main\AndroidManifest.xml:29:20-75
20    <uses-permission android:name="android.permission.CHANGE_WIFI_MULTICAST_STATE" />
20-->src\main\AndroidManifest.xml:26:3-84
20-->src\main\AndroidManifest.xml:26:20-81
21
22    <uses-feature
22-->src\main\AndroidManifest.xml:32:3-88
23        android:name="android.hardware.touchscreen"
23-->src\main\AndroidManifest.xml:32:17-60
24        android:required="false" />
24-->src\main\AndroidManifest.xml:32:61-85
25    <uses-feature
25-->src\main\AndroidManifest.xml:33:3-99
26        android:name="android.hardware.touchscreen.multitouch"
26-->src\main\AndroidManifest.xml:33:17-71
27        android:required="false" />
27-->src\main\AndroidManifest.xml:33:72-96
28    <uses-feature
28-->src\main\AndroidManifest.xml:34:3-108
29        android:name="android.hardware.touchscreen.multitouch.distinct"
29-->src\main\AndroidManifest.xml:34:17-80
30        android:required="false" />
30-->src\main\AndroidManifest.xml:34:81-105
31
32    <application
32-->src\main\AndroidManifest.xml:4:3-22:17
33        android:isGame="true"
33-->src\main\AndroidManifest.xml:4:16-37
34        android:label="@string/app_name"
34-->src\main\AndroidManifest.xml:6:7-39
35        android:roundIcon="@drawable/icon"
35-->src\main\AndroidManifest.xml:7:7-41
36        android:theme="@style/AppTheme"
36-->src\main\AndroidManifest.xml:8:7-38
37        android:usesCleartextTraffic="true" >
37-->src\main\AndroidManifest.xml:5:7-42
38        <activity
38-->src\main\AndroidManifest.xml:9:5-16:16
39            android:name="com.unity3d.player.UnityPlayerActivity"
39-->src\main\AndroidManifest.xml:9:15-68
40            android:configChanges="mcc|mnc|locale|touchscreen|keyboard|keyboardHidden|navigation|orientation|screenLayout|uiMode|screenSize|smallestScreenSize|fontScale|layoutDirection|density"
40-->src\main\AndroidManifest.xml:9:172-353
41            android:hardwareAccelerated="false"
41-->src\main\AndroidManifest.xml:9:354-389
42            android:launchMode="singleTask"
42-->src\main\AndroidManifest.xml:9:140-171
43            android:screenOrientation="fullSensor"
43-->src\main\AndroidManifest.xml:9:101-139
44            android:theme="@style/AppTheme" >
44-->src\main\AndroidManifest.xml:9:69-100
45            <intent-filter>
45-->src\main\AndroidManifest.xml:10:7-14:23
46                <action android:name="android.intent.action.MAIN" />
46-->src\main\AndroidManifest.xml:11:9-61
46-->src\main\AndroidManifest.xml:11:17-58
47
48                <category android:name="android.intent.category.LAUNCHER" />
48-->src\main\AndroidManifest.xml:12:9-69
48-->src\main\AndroidManifest.xml:12:19-66
49                <category android:name="android.intent.category.LEANBACK_LAUNCHER" />
49-->src\main\AndroidManifest.xml:13:8-77
49-->src\main\AndroidManifest.xml:13:18-74
50            </intent-filter>
51
52            <meta-data
52-->src\main\AndroidManifest.xml:15:7-82
53                android:name="unityplayer.UnityActivity"
53-->src\main\AndroidManifest.xml:15:18-58
54                android:value="true" />
54-->src\main\AndroidManifest.xml:15:59-79
55        </activity>
56        <activity android:name="com.unity3d.player.Frag3.SearchActivity" />
56-->src\main\AndroidManifest.xml:17:5-82
56-->src\main\AndroidManifest.xml:17:15-70
57        <activity android:name="com.unity3d.player.Frag3.SLByThemeActivity" />
57-->src\main\AndroidManifest.xml:18:5-85
57-->src\main\AndroidManifest.xml:18:15-73
58
59        <meta-data
59-->src\main\AndroidManifest.xml:19:5-69
60            android:name="unity.splash-mode"
60-->src\main\AndroidManifest.xml:19:16-48
61            android:value="0" />
61-->src\main\AndroidManifest.xml:19:49-66
62        <meta-data
62-->src\main\AndroidManifest.xml:20:5-74
63            android:name="unity.splash-enable"
63-->src\main\AndroidManifest.xml:20:16-50
64            android:value="True" />
64-->src\main\AndroidManifest.xml:20:51-71
65        <meta-data
65-->src\main\AndroidManifest.xml:21:5-101
66            android:name="unity.build-id"
66-->src\main\AndroidManifest.xml:21:16-45
67            android:value="c1e73e4e-12f6-44d6-ae89-f231ee339707" />
67-->src\main\AndroidManifest.xml:21:46-98
68    </application>
69
70</manifest>